<?xml version="1.0" encoding="UTF-8"?>
<!-- Generated by org.testng.reporters.JUnitReportReporter -->
<testsuite hostname="DESKTOP-M28FUSC" failures="0" tests="1" name="Test.OfferToBookingTest" time="4.485" errors="0" timestamp="2024-10-10T12:31:53 IST" skipped="0">
  <testcase classname="Test.OfferToBookingTest" name="searchBookingInSalesforce" time="4.485"/>
  <system-out/>
</testsuite> <!-- Test.OfferToBookingTest -->
